{{2013,8,19},{16,46,39}}:  Arg: {arg,#Port<0.1414>,
                                 {{10,32,3,66},4991},
                                 {headers,"Keep-Alive",undefined,
                                  "10.61.59.21:7000",undefined,undefined,
                                  undefined,undefined,undefined,undefined,
                                  undefined,
                                  "Apache-HttpClient/UNAVAILABLE (java 1.4)",
                                  undefined,[],undefined,undefined,"177",
                                  "text/plain; charset=ISO-8859-1",undefined,
                                  undefined,undefined,undefined,
                                  [{http_header,0,"Origin",undefined,
                                    "http://fzd.lw.mobile"}]},
                                 {http_request,'POST',
                                  {abs_path,"/lwork/mobile/voip/calls"},
                                  {1,1}},
                                 <<"{\"user_id\":\"18652938287\",\"callee_phone\":\"15300801756\",\"userclass\":\"registered\",\"caller_phone\":\"unused\",\"sdp\":{\"port\":\"56000\",\"codec\":\"12\",\"ip\":[\"172.28.66.162\",\"192.168.1.20\"]}}">>,
                                 "/lwork/mobile/voip/calls",undefined,
                                 "mobile/voip/calls","/home/dvlp/voip2","/",
                                 "/home/dvlp/voip2/lwork/mobile/voip/calls",
                                 undefined,undefined,<0.60.0>,[],"/","/",
                                 "/mobile/voip/calls"}
 Reason: {{case_clause,timeout},
          [{avanda,processNATIVE2,3,[{file,"./esrc/avanda.erl"},{line,24}]},
           {lw_mobile,handle,3,[{file,"./util/lw_mobile.erl"},{line,35}]},
           {lw_mobile,out,1,[{file,"./util/lw_mobile.erl"},{line,18}]},
           {yaws_server,deliver_dyn_part,8,
                        [{file,"yaws_server.erl"},{line,2647}]},
           {yaws_server,aloop,4,[{file,"yaws_server.erl"},{line,1152}]},
           {yaws_server,acceptor0,2,[{file,"yaws_server.erl"},{line,1013}]},
           {proc_lib,init_p_do_apply,3,[{file,"proc_lib.erl"},{line,227}]}]}
{{2013,8,19},{16,46,49}}:  Arg: {arg,#Port<0.1744>,
                                 {{10,32,3,66},1232},
                                 {headers,"Keep-Alive",undefined,
                                  "10.61.59.21:7000",undefined,undefined,
                                  undefined,undefined,undefined,undefined,
                                  undefined,
                                  "Apache-HttpClient/UNAVAILABLE (java 1.4)",
                                  undefined,[],undefined,undefined,undefined,
                                  undefined,undefined,undefined,undefined,
                                  undefined,
                                  [{http_header,0,"Origin",undefined,
                                    "http://fzd.lw.mobile"}]},
                                 {http_request,'DELETE',
                                  {abs_path,
                                   "/lwork/mobile/voip/calls?session_id=&user_id=Anonymous"},
                                  {1,1}},
                                 undefined,"/lwork/mobile/voip/calls",
                                 "session_id=&user_id=Anonymous",
                                 "mobile/voip/calls","/home/dvlp/voip2","/",
                                 "/home/dvlp/voip2/lwork/mobile/voip/calls",
                                 undefined,undefined,<0.72.0>,[],"/","/",
                                 "/mobile/voip/calls"}
 Reason: {badarg,[{erlang,list_to_integer,[[]],[]},
                  {utility,query_integer,2,
                           [{file,"./util/utility.erl"},{line,86}]},
                  {lw_mobile,handle,3,
                             [{file,"./util/lw_mobile.erl"},{line,43}]},
                  {lw_mobile,out,1,[{file,"./util/lw_mobile.erl"},{line,18}]},
                  {yaws_server,deliver_dyn_part,8,
                               [{file,"yaws_server.erl"},{line,2647}]},
                  {yaws_server,aloop,4,[{file,"yaws_server.erl"},{line,1152}]},
                  {yaws_server,acceptor0,2,
                               [{file,"yaws_server.erl"},{line,1013}]},
                  {proc_lib,init_p_do_apply,3,
                            [{file,"proc_lib.erl"},{line,227}]}]}
{{2013,8,19},{16,49,59}}:  Arg: {arg,#Port<0.1414>,
                                 {{10,32,3,66},2659},
                                 {headers,"Keep-Alive",undefined,
                                  "10.61.59.21:7000",undefined,undefined,
                                  undefined,undefined,undefined,undefined,
                                  undefined,
                                  "Apache-HttpClient/UNAVAILABLE (java 1.4)",
                                  undefined,[],undefined,undefined,undefined,
                                  undefined,undefined,undefined,undefined,
                                  undefined,
                                  [{http_header,0,"Origin",undefined,
                                    "http://fzd.lw.mobile"}]},
                                 {http_request,'DELETE',
                                  {abs_path,
                                   "/lwork/mobile/voip/calls?session_id=&user_id=Anonymous"},
                                  {1,1}},
                                 undefined,"/lwork/mobile/voip/calls",
                                 "session_id=&user_id=Anonymous",
                                 "mobile/voip/calls","/home/dvlp/voip2","/",
                                 "/home/dvlp/voip2/lwork/mobile/voip/calls",
                                 undefined,undefined,<0.60.0>,[],"/","/",
                                 "/mobile/voip/calls"}
 Reason: {badarg,[{erlang,list_to_integer,[[]],[]},
                  {utility,query_integer,2,
                           [{file,"./util/utility.erl"},{line,86}]},
                  {lw_mobile,handle,3,
                             [{file,"./util/lw_mobile.erl"},{line,43}]},
                  {lw_mobile,out,1,[{file,"./util/lw_mobile.erl"},{line,18}]},
                  {yaws_server,deliver_dyn_part,8,
                               [{file,"yaws_server.erl"},{line,2647}]},
                  {yaws_server,aloop,4,[{file,"yaws_server.erl"},{line,1152}]},
                  {yaws_server,acceptor0,2,
                               [{file,"yaws_server.erl"},{line,1013}]},
                  {proc_lib,init_p_do_apply,3,
                            [{file,"proc_lib.erl"},{line,227}]}]}
{{2013,8,19},{16,49,59}}:  Arg: {arg,#Port<0.1612>,
                                 {{10,32,3,66},2663},
                                 {headers,"Keep-Alive",undefined,
                                  "10.61.59.21:7000",undefined,undefined,
                                  undefined,undefined,undefined,undefined,
                                  undefined,
                                  "Apache-HttpClient/UNAVAILABLE (java 1.4)",
                                  undefined,[],undefined,undefined,undefined,
                                  undefined,undefined,undefined,undefined,
                                  undefined,
                                  [{http_header,0,"Origin",undefined,
                                    "http://fzd.lw.mobile"}]},
                                 {http_request,'DELETE',
                                  {abs_path,
                                   "/lwork/mobile/voip/calls?session_id=&user_id=Anonymous"},
                                  {1,1}},
                                 undefined,"/lwork/mobile/voip/calls",
                                 "session_id=&user_id=Anonymous",
                                 "mobile/voip/calls","/home/dvlp/voip2","/",
                                 "/home/dvlp/voip2/lwork/mobile/voip/calls",
                                 undefined,undefined,<0.72.0>,[],"/","/",
                                 "/mobile/voip/calls"}
 Reason: {badarg,[{erlang,list_to_integer,[[]],[]},
                  {utility,query_integer,2,
                           [{file,"./util/utility.erl"},{line,86}]},
                  {lw_mobile,handle,3,
                             [{file,"./util/lw_mobile.erl"},{line,43}]},
                  {lw_mobile,out,1,[{file,"./util/lw_mobile.erl"},{line,18}]},
                  {yaws_server,deliver_dyn_part,8,
                               [{file,"yaws_server.erl"},{line,2647}]},
                  {yaws_server,aloop,4,[{file,"yaws_server.erl"},{line,1152}]},
                  {yaws_server,acceptor0,2,
                               [{file,"yaws_server.erl"},{line,1013}]},
                  {proc_lib,init_p_do_apply,3,
                            [{file,"proc_lib.erl"},{line,227}]}]}
{{2013,8,19},{16,49,59}}:  Arg: {arg,#Port<0.1614>,
                                 {{10,32,3,66},2672},
                                 {headers,"Keep-Alive",undefined,
                                  "10.61.59.21:7000",undefined,undefined,
                                  undefined,undefined,undefined,undefined,
                                  undefined,
                                  "Apache-HttpClient/UNAVAILABLE (java 1.4)",
                                  undefined,[],undefined,undefined,undefined,
                                  undefined,undefined,undefined,undefined,
                                  undefined,
                                  [{http_header,0,"Origin",undefined,
                                    "http://fzd.lw.mobile"}]},
                                 {http_request,'DELETE',
                                  {abs_path,
                                   "/lwork/mobile/voip/calls?session_id=&user_id=Anonymous"},
                                  {1,1}},
                                 undefined,"/lwork/mobile/voip/calls",
                                 "session_id=&user_id=Anonymous",
                                 "mobile/voip/calls","/home/dvlp/voip2","/",
                                 "/home/dvlp/voip2/lwork/mobile/voip/calls",
                                 undefined,undefined,<0.74.0>,[],"/","/",
                                 "/mobile/voip/calls"}
 Reason: {badarg,[{erlang,list_to_integer,[[]],[]},
                  {utility,query_integer,2,
                           [{file,"./util/utility.erl"},{line,86}]},
                  {lw_mobile,handle,3,
                             [{file,"./util/lw_mobile.erl"},{line,43}]},
                  {lw_mobile,out,1,[{file,"./util/lw_mobile.erl"},{line,18}]},
                  {yaws_server,deliver_dyn_part,8,
                               [{file,"yaws_server.erl"},{line,2647}]},
                  {yaws_server,aloop,4,[{file,"yaws_server.erl"},{line,1152}]},
                  {yaws_server,acceptor0,2,
                               [{file,"yaws_server.erl"},{line,1013}]},
                  {proc_lib,init_p_do_apply,3,
                            [{file,"proc_lib.erl"},{line,227}]}]}
{{2013,8,19},{16,50,0}}:  Arg: {arg,#Port<0.1616>,
                                {{10,32,3,66},2673},
                                {headers,"Keep-Alive",undefined,
                                 "10.61.59.21:7000",undefined,undefined,
                                 undefined,undefined,undefined,undefined,
                                 undefined,
                                 "Apache-HttpClient/UNAVAILABLE (java 1.4)",
                                 undefined,[],undefined,undefined,undefined,
                                 undefined,undefined,undefined,undefined,
                                 undefined,
                                 [{http_header,0,"Origin",undefined,
                                   "http://fzd.lw.mobile"}]},
                                {http_request,'DELETE',
                                 {abs_path,
                                  "/lwork/mobile/voip/calls?session_id=&user_id=Anonymous"},
                                 {1,1}},
                                undefined,"/lwork/mobile/voip/calls",
                                "session_id=&user_id=Anonymous",
                                "mobile/voip/calls","/home/dvlp/voip2","/",
                                "/home/dvlp/voip2/lwork/mobile/voip/calls",
                                undefined,undefined,<0.76.0>,[],"/","/",
                                "/mobile/voip/calls"}
 Reason: {badarg,[{erlang,list_to_integer,[[]],[]},
                  {utility,query_integer,2,
                           [{file,"./util/utility.erl"},{line,86}]},
                  {lw_mobile,handle,3,
                             [{file,"./util/lw_mobile.erl"},{line,43}]},
                  {lw_mobile,out,1,[{file,"./util/lw_mobile.erl"},{line,18}]},
                  {yaws_server,deliver_dyn_part,8,
                               [{file,"yaws_server.erl"},{line,2647}]},
                  {yaws_server,aloop,4,[{file,"yaws_server.erl"},{line,1152}]},
                  {yaws_server,acceptor0,2,
                               [{file,"yaws_server.erl"},{line,1013}]},
                  {proc_lib,init_p_do_apply,3,
                            [{file,"proc_lib.erl"},{line,227}]}]}
{{2013,8,19},{16,50,0}}:  Arg: {arg,#Port<0.1618>,
                                {{10,32,3,66},2674},
                                {headers,"Keep-Alive",undefined,
                                 "10.61.59.21:7000",undefined,undefined,
                                 undefined,undefined,undefined,undefined,
                                 undefined,
                                 "Apache-HttpClient/UNAVAILABLE (java 1.4)",
                                 undefined,[],undefined,undefined,undefined,
                                 undefined,undefined,undefined,undefined,
                                 undefined,
                                 [{http_header,0,"Origin",undefined,
                                   "http://fzd.lw.mobile"}]},
                                {http_request,'DELETE',
                                 {abs_path,
                                  "/lwork/mobile/voip/calls?session_id=&user_id=Anonymous"},
                                 {1,1}},
                                undefined,"/lwork/mobile/voip/calls",
                                "session_id=&user_id=Anonymous",
                                "mobile/voip/calls","/home/dvlp/voip2","/",
                                "/home/dvlp/voip2/lwork/mobile/voip/calls",
                                undefined,undefined,<0.78.0>,[],"/","/",
                                "/mobile/voip/calls"}
 Reason: {badarg,[{erlang,list_to_integer,[[]],[]},
                  {utility,query_integer,2,
                           [{file,"./util/utility.erl"},{line,86}]},
                  {lw_mobile,handle,3,
                             [{file,"./util/lw_mobile.erl"},{line,43}]},
                  {lw_mobile,out,1,[{file,"./util/lw_mobile.erl"},{line,18}]},
                  {yaws_server,deliver_dyn_part,8,
                               [{file,"yaws_server.erl"},{line,2647}]},
                  {yaws_server,aloop,4,[{file,"yaws_server.erl"},{line,1152}]},
                  {yaws_server,acceptor0,2,
                               [{file,"yaws_server.erl"},{line,1013}]},
                  {proc_lib,init_p_do_apply,3,
                            [{file,"proc_lib.erl"},{line,227}]}]}
{{2013,8,19},{16,58,2}}:  Arg: {arg,#Port<0.2200>,
                                {{10,32,3,66},3143},
                                {headers,"Keep-Alive",undefined,
                                 "10.61.59.21:7000",undefined,undefined,
                                 undefined,undefined,undefined,undefined,
                                 undefined,
                                 "Apache-HttpClient/UNAVAILABLE (java 1.4)",
                                 undefined,[],undefined,undefined,undefined,
                                 undefined,undefined,undefined,undefined,
                                 undefined,
                                 [{http_header,0,"Origin",undefined,
                                   "http://fzd.lw.mobile"}]},
                                {http_request,'DELETE',
                                 {abs_path,
                                  "/lwork/mobile/voip/calls?session_id=&user_id=Anonymous"},
                                 {1,1}},
                                undefined,"/lwork/mobile/voip/calls",
                                "session_id=&user_id=Anonymous",
                                "mobile/voip/calls","/home/dvlp/voip2","/",
                                "/home/dvlp/voip2/lwork/mobile/voip/calls",
                                undefined,undefined,<0.60.0>,[],"/","/",
                                "/mobile/voip/calls"}
 Reason: {badarg,[{erlang,list_to_integer,[[]],[]},
                  {utility,query_integer,2,
                           [{file,"./util/utility.erl"},{line,86}]},
                  {lw_mobile,handle,3,
                             [{file,"./util/lw_mobile.erl"},{line,43}]},
                  {lw_mobile,out,1,[{file,"./util/lw_mobile.erl"},{line,18}]},
                  {yaws_server,deliver_dyn_part,8,
                               [{file,"yaws_server.erl"},{line,2647}]},
                  {yaws_server,aloop,4,[{file,"yaws_server.erl"},{line,1152}]},
                  {yaws_server,acceptor0,2,
                               [{file,"yaws_server.erl"},{line,1013}]},
                  {proc_lib,init_p_do_apply,3,
                            [{file,"proc_lib.erl"},{line,227}]}]}
{{2013,8,19},{17,2,46}}:  Arg: {arg,#Port<0.1414>,
                                {{10,32,3,66},1938},
                                {headers,"Keep-Alive",undefined,
                                 "10.61.59.21:7000",undefined,undefined,
                                 undefined,undefined,undefined,undefined,
                                 undefined,
                                 "Apache-HttpClient/UNAVAILABLE (java 1.4)",
                                 undefined,[],undefined,undefined,undefined,
                                 undefined,undefined,undefined,undefined,
                                 undefined,
                                 [{http_header,0,"Origin",undefined,
                                   "http://fzd.lw.mobile"}]},
                                {http_request,'DELETE',
                                 {abs_path,
                                  "/lwork/mobile/voip/calls?session_id=&user_id=Anonymous"},
                                 {1,1}},
                                undefined,"/lwork/mobile/voip/calls",
                                "session_id=&user_id=Anonymous",
                                "mobile/voip/calls","/home/dvlp/voip2","/",
                                "/home/dvlp/voip2/lwork/mobile/voip/calls",
                                undefined,undefined,<0.60.0>,[],"/","/",
                                "/mobile/voip/calls"}
 Reason: {badarg,[{erlang,list_to_integer,[[]],[]},
                  {utility,query_integer,2,
                           [{file,"./util/utility.erl"},{line,86}]},
                  {lw_mobile,handle,3,
                             [{file,"./util/lw_mobile.erl"},{line,43}]},
                  {lw_mobile,out,1,[{file,"./util/lw_mobile.erl"},{line,18}]},
                  {yaws_server,deliver_dyn_part,8,
                               [{file,"yaws_server.erl"},{line,2647}]},
                  {yaws_server,aloop,4,[{file,"yaws_server.erl"},{line,1152}]},
                  {yaws_server,acceptor0,2,
                               [{file,"yaws_server.erl"},{line,1013}]},
                  {proc_lib,init_p_do_apply,3,
                            [{file,"proc_lib.erl"},{line,227}]}]}
{{2013,8,20},{9,31,58}}:  Arg: {arg,#Port<0.1414>,
                                {{10,32,3,66},1926},
                                {headers,"Keep-Alive",undefined,
                                 "10.61.59.21:7000",undefined,undefined,
                                 undefined,undefined,undefined,undefined,
                                 undefined,
                                 "Apache-HttpClient/UNAVAILABLE (java 1.4)",
                                 undefined,[],undefined,undefined,undefined,
                                 undefined,undefined,undefined,undefined,
                                 undefined,
                                 [{http_header,0,"Origin",undefined,
                                   "http://fzd.lw.mobile"}]},
                                {http_request,'DELETE',
                                 {abs_path,
                                  "/lwork/mobile/voip/calls?session_id=&user_id=Anonymous"},
                                 {1,1}},
                                undefined,"/lwork/mobile/voip/calls",
                                "session_id=&user_id=Anonymous",
                                "mobile/voip/calls","/home/dvlp/voip2","/",
                                "/home/dvlp/voip2/lwork/mobile/voip/calls",
                                undefined,undefined,<0.60.0>,[],"/","/",
                                "/mobile/voip/calls"}
 Reason: {badarg,[{erlang,list_to_integer,[[]],[]},
                  {utility,query_integer,2,
                           [{file,"./util/utility.erl"},{line,86}]},
                  {lw_mobile,handle,3,
                             [{file,"./util/lw_mobile.erl"},{line,43}]},
                  {lw_mobile,out,1,[{file,"./util/lw_mobile.erl"},{line,18}]},
                  {yaws_server,deliver_dyn_part,8,
                               [{file,"yaws_server.erl"},{line,2647}]},
                  {yaws_server,aloop,4,[{file,"yaws_server.erl"},{line,1152}]},
                  {yaws_server,acceptor0,2,
                               [{file,"yaws_server.erl"},{line,1013}]},
                  {proc_lib,init_p_do_apply,3,
                            [{file,"proc_lib.erl"},{line,227}]}]}
{{2013,8,20},{14,39,44}}:  Arg: {arg,#Port<0.2193>,
                                 {{10,32,3,66},2670},
                                 {headers,"Keep-Alive",undefined,
                                  "10.61.59.21:7000",undefined,undefined,
                                  undefined,undefined,undefined,undefined,
                                  undefined,
                                  "Apache-HttpClient/UNAVAILABLE (java 1.4)",
                                  undefined,[],undefined,undefined,"161",
                                  "text/plain; charset=ISO-8859-1",undefined,
                                  undefined,undefined,undefined,
                                  [{http_header,0,"Origin",undefined,
                                    "http://fzd.lw.mobile"}]},
                                 {http_request,'POST',
                                  {abs_path,"/lwork/mobile/voip/calls"},
                                  {1,1}},
                                 <<"{\"user_id\":\"18652938287\",\"callee_phone\":\"15300801756\",\"userclass\":\"registered\",\"caller_phone\":\"unused\",\"sdp\":{\"port\":\"56000\",\"codec\":\"12\",\"ip\":[\"192.168.1.20\"]}}">>,
                                 "/lwork/mobile/voip/calls",undefined,
                                 "mobile/voip/calls","/home/dvlp/voip2","/",
                                 "/home/dvlp/voip2/lwork/mobile/voip/calls",
                                 undefined,undefined,<0.81.0>,[],"/","/",
                                 "/mobile/voip/calls"}
 Reason: {badarg,[{erlang,hd,[[]],[]},
                  {avanda,get_waddr,1,[{file,"./esrc/avanda.erl"},{line,51}]},
                  {avanda,processNATIVE,3,
                          [{file,"./esrc/avanda.erl"},{line,15}]},
                  {lw_mobile,handle,3,
                             [{file,"./util/lw_mobile.erl"},{line,35}]},
                  {lw_mobile,out,1,[{file,"./util/lw_mobile.erl"},{line,18}]},
                  {yaws_server,deliver_dyn_part,8,
                               [{file,"yaws_server.erl"},{line,2647}]},
                  {yaws_server,aloop,4,[{file,"yaws_server.erl"},{line,1152}]},
                  {yaws_server,acceptor0,2,
                               [{file,"yaws_server.erl"},{line,1013}]}]}
{{2013,8,21},{11,3,18}}:  Arg: {arg,#Port<0.1414>,
                                {{10,32,3,66},3064},
                                {headers,"Keep-Alive",undefined,
                                 "10.61.59.21:7000",undefined,undefined,
                                 undefined,undefined,undefined,undefined,
                                 undefined,
                                 "Apache-HttpClient/UNAVAILABLE (java 1.4)",
                                 undefined,[],undefined,undefined,"161",
                                 "text/plain; charset=ISO-8859-1",undefined,
                                 undefined,undefined,undefined,
                                 [{http_header,0,"Origin",undefined,
                                   "http://fzd.lw.mobile"}]},
                                {http_request,'POST',
                                 {abs_path,"/lwork/mobile/voip/calls"},
                                 {1,1}},
                                <<"{\"user_id\":\"18652938287\",\"callee_phone\":\"15300801756\",\"userclass\":\"registered\",\"caller_phone\":\"unused\",\"sdp\":{\"port\":\"56000\",\"codec\":\"12\",\"ip\":[\"192.168.1.20\"]}}">>,
                                "/lwork/mobile/voip/calls",undefined,
                                "mobile/voip/calls","/home/dvlp/voip2","/",
                                "/home/dvlp/voip2/lwork/mobile/voip/calls",
                                undefined,undefined,<0.60.0>,[],"/","/",
                                "/mobile/voip/calls"}
 Reason: {badarg,[{erlang,hd,[[]],[]},
                  {avanda,get_waddr,1,[{file,"./esrc/avanda.erl"},{line,51}]},
                  {avanda,processNATIVE,3,
                          [{file,"./esrc/avanda.erl"},{line,15}]},
                  {lw_mobile,handle,3,
                             [{file,"./util/lw_mobile.erl"},{line,35}]},
                  {lw_mobile,out,1,[{file,"./util/lw_mobile.erl"},{line,18}]},
                  {yaws_server,deliver_dyn_part,8,
                               [{file,"yaws_server.erl"},{line,2647}]},
                  {yaws_server,aloop,4,[{file,"yaws_server.erl"},{line,1152}]},
                  {yaws_server,acceptor0,2,
                               [{file,"yaws_server.erl"},{line,1013}]}]}
{{2013,8,21},{11,3,47}}:  Arg: {arg,#Port<0.1677>,
                                {{10,32,3,66},3199},
                                {headers,"Keep-Alive",undefined,
                                 "10.61.59.21:7000",undefined,undefined,
                                 undefined,undefined,undefined,undefined,
                                 undefined,
                                 "Apache-HttpClient/UNAVAILABLE (java 1.4)",
                                 undefined,[],undefined,undefined,"161",
                                 "text/plain; charset=ISO-8859-1",undefined,
                                 undefined,undefined,undefined,
                                 [{http_header,0,"Origin",undefined,
                                   "http://fzd.lw.mobile"}]},
                                {http_request,'POST',
                                 {abs_path,"/lwork/mobile/voip/calls"},
                                 {1,1}},
                                <<"{\"user_id\":\"18652938287\",\"callee_phone\":\"15300801756\",\"userclass\":\"registered\",\"caller_phone\":\"unused\",\"sdp\":{\"port\":\"56000\",\"codec\":\"12\",\"ip\":[\"192.168.1.20\"]}}">>,
                                "/lwork/mobile/voip/calls",undefined,
                                "mobile/voip/calls","/home/dvlp/voip2","/",
                                "/home/dvlp/voip2/lwork/mobile/voip/calls",
                                undefined,undefined,<0.72.0>,[],"/","/",
                                "/mobile/voip/calls"}
 Reason: {badarg,[{erlang,hd,[[]],[]},
                  {avanda,get_waddr,1,[{file,"./esrc/avanda.erl"},{line,51}]},
                  {avanda,processNATIVE,3,
                          [{file,"./esrc/avanda.erl"},{line,15}]},
                  {lw_mobile,handle,3,
                             [{file,"./util/lw_mobile.erl"},{line,35}]},
                  {lw_mobile,out,1,[{file,"./util/lw_mobile.erl"},{line,18}]},
                  {yaws_server,deliver_dyn_part,8,
                               [{file,"yaws_server.erl"},{line,2647}]},
                  {yaws_server,aloop,4,[{file,"yaws_server.erl"},{line,1152}]},
                  {yaws_server,acceptor0,2,
                               [{file,"yaws_server.erl"},{line,1013}]}]}
{{2013,8,21},{13,21,44}}:  Arg: {arg,#Port<0.2321>,
                                 {{10,32,3,66},3867},
                                 {headers,"Keep-Alive",undefined,
                                  "10.61.59.21:7000",undefined,undefined,
                                  undefined,undefined,undefined,undefined,
                                  undefined,
                                  "Apache-HttpClient/UNAVAILABLE (java 1.4)",
                                  undefined,[],undefined,undefined,undefined,
                                  undefined,undefined,undefined,undefined,
                                  undefined,
                                  [{http_header,0,"Origin",undefined,
                                    "http://fzd.lw.mobile"}]},
                                 {http_request,'DELETE',
                                  {abs_path,
                                   "/lwork/mobile/voip/calls?session_id=&user_id=Anonymous"},
                                  {1,1}},
                                 undefined,"/lwork/mobile/voip/calls",
                                 "session_id=&user_id=Anonymous",
                                 "mobile/voip/calls","/home/dvlp/voip2","/",
                                 "/home/dvlp/voip2/lwork/mobile/voip/calls",
                                 undefined,undefined,<0.82.0>,[],"/","/",
                                 "/mobile/voip/calls"}
 Reason: {badarg,[{erlang,list_to_integer,[[]],[]},
                  {utility,query_integer,2,
                           [{file,"./util/utility.erl"},{line,86}]},
                  {lw_mobile,handle,3,
                             [{file,"./util/lw_mobile.erl"},{line,43}]},
                  {lw_mobile,out,1,[{file,"./util/lw_mobile.erl"},{line,18}]},
                  {yaws_server,deliver_dyn_part,8,
                               [{file,"yaws_server.erl"},{line,2647}]},
                  {yaws_server,aloop,4,[{file,"yaws_server.erl"},{line,1152}]},
                  {yaws_server,acceptor0,2,
                               [{file,"yaws_server.erl"},{line,1013}]},
                  {proc_lib,init_p_do_apply,3,
                            [{file,"proc_lib.erl"},{line,227}]}]}
{{2013,8,21},{15,26,42}}:  Arg: {arg,#Port<0.2426>,
                                 {{10,32,3,66},4944},
                                 {headers,"Keep-Alive",undefined,
                                  "10.61.59.21:7000",undefined,undefined,
                                  undefined,undefined,undefined,undefined,
                                  undefined,
                                  "Apache-HttpClient/UNAVAILABLE (java 1.4)",
                                  undefined,[],undefined,undefined,undefined,
                                  undefined,undefined,undefined,undefined,
                                  undefined,
                                  [{http_header,0,"Origin",undefined,
                                    "http://fzd.lw.mobile"}]},
                                 {http_request,'DELETE',
                                  {abs_path,
                                   "/lwork/mobile/voip/calls?session_id=&user_id=Anonymous"},
                                  {1,1}},
                                 undefined,"/lwork/mobile/voip/calls",
                                 "session_id=&user_id=Anonymous",
                                 "mobile/voip/calls","/home/dvlp/voip2","/",
                                 "/home/dvlp/voip2/lwork/mobile/voip/calls",
                                 undefined,undefined,<0.139.0>,[],"/","/",
                                 "/mobile/voip/calls"}
 Reason: {badarg,[{erlang,list_to_integer,[[]],[]},
                  {utility,query_integer,2,
                           [{file,"./util/utility.erl"},{line,86}]},
                  {lw_mobile,handle,3,
                             [{file,"./util/lw_mobile.erl"},{line,43}]},
                  {lw_mobile,out,1,[{file,"./util/lw_mobile.erl"},{line,18}]},
                  {yaws_server,deliver_dyn_part,8,
                               [{file,"yaws_server.erl"},{line,2647}]},
                  {yaws_server,aloop,4,[{file,"yaws_server.erl"},{line,1152}]},
                  {yaws_server,acceptor0,2,
                               [{file,"yaws_server.erl"},{line,1013}]},
                  {proc_lib,init_p_do_apply,3,
                            [{file,"proc_lib.erl"},{line,227}]}]}
{{2013,8,21},{15,50,28}}:  Arg: {arg,#Port<0.2460>,
                                 {{10,32,3,66},1945},
                                 {headers,"Keep-Alive",undefined,
                                  "10.61.59.21:7000",undefined,undefined,
                                  undefined,undefined,undefined,undefined,
                                  undefined,
                                  "Apache-HttpClient/UNAVAILABLE (java 1.4)",
                                  undefined,[],undefined,undefined,undefined,
                                  undefined,undefined,undefined,undefined,
                                  undefined,
                                  [{http_header,0,"Origin",undefined,
                                    "http://fzd.lw.mobile"}]},
                                 {http_request,'DELETE',
                                  {abs_path,
                                   "/lwork/mobile/voip/calls?session_id=&user_id=Anonymous"},
                                  {1,1}},
                                 undefined,"/lwork/mobile/voip/calls",
                                 "session_id=&user_id=Anonymous",
                                 "mobile/voip/calls","/home/dvlp/voip2","/",
                                 "/home/dvlp/voip2/lwork/mobile/voip/calls",
                                 undefined,undefined,<0.166.0>,[],"/","/",
                                 "/mobile/voip/calls"}
 Reason: {badarg,[{erlang,list_to_integer,[[]],[]},
                  {utility,query_integer,2,
                           [{file,"./util/utility.erl"},{line,86}]},
                  {lw_mobile,handle,3,
                             [{file,"./util/lw_mobile.erl"},{line,43}]},
                  {lw_mobile,out,1,[{file,"./util/lw_mobile.erl"},{line,18}]},
                  {yaws_server,deliver_dyn_part,8,
                               [{file,"yaws_server.erl"},{line,2647}]},
                  {yaws_server,aloop,4,[{file,"yaws_server.erl"},{line,1152}]},
                  {yaws_server,acceptor0,2,
                               [{file,"yaws_server.erl"},{line,1013}]},
                  {proc_lib,init_p_do_apply,3,
                            [{file,"proc_lib.erl"},{line,227}]}]}
{{2013,8,22},{16,1,4}}:  Arg: {arg,#Port<0.2083>,
                               {{10,32,3,66},4132},
                               {headers,"Keep-Alive",undefined,
                                "10.61.59.21:7000",undefined,undefined,
                                undefined,undefined,undefined,undefined,
                                undefined,
                                "Apache-HttpClient/UNAVAILABLE (java 1.4)",
                                undefined,[],undefined,undefined,undefined,
                                undefined,undefined,undefined,undefined,
                                undefined,
                                [{http_header,0,"Origin",undefined,
                                  "http://fzd.lw.mobile"}]},
                               {http_request,'DELETE',
                                {abs_path,
                                 "/lwork/mobile/voip/calls?session_id=&user_id=Anonymous"},
                                {1,1}},
                               undefined,"/lwork/mobile/voip/calls",
                               "session_id=&user_id=Anonymous",
                               "mobile/voip/calls","/home/dvlp/voip2","/",
                               "/home/dvlp/voip2/lwork/mobile/voip/calls",
                               undefined,undefined,<0.75.0>,[],"/","/",
                               "/mobile/voip/calls"}
 Reason: {badarg,[{erlang,list_to_integer,[[]],[]},
                  {utility,query_integer,2,
                           [{file,"./util/utility.erl"},{line,86}]},
                  {lw_mobile,handle,3,
                             [{file,"./util/lw_mobile.erl"},{line,43}]},
                  {lw_mobile,out,1,[{file,"./util/lw_mobile.erl"},{line,18}]},
                  {yaws_server,deliver_dyn_part,8,
                               [{file,"yaws_server.erl"},{line,2647}]},
                  {yaws_server,aloop,4,[{file,"yaws_server.erl"},{line,1152}]},
                  {yaws_server,acceptor0,2,
                               [{file,"yaws_server.erl"},{line,1013}]},
                  {proc_lib,init_p_do_apply,3,
                            [{file,"proc_lib.erl"},{line,227}]}]}
{{2013,8,22},{17,11,57}}:  Arg: {arg,#Port<0.2411>,
                                 {{10,32,3,66},3066},
                                 {headers,"Keep-Alive",undefined,
                                  "10.61.59.21:7000",undefined,undefined,
                                  undefined,undefined,undefined,undefined,
                                  undefined,
                                  "Apache-HttpClient/UNAVAILABLE (java 1.4)",
                                  undefined,[],undefined,undefined,undefined,
                                  undefined,undefined,undefined,undefined,
                                  undefined,
                                  [{http_header,0,"Origin",undefined,
                                    "http://fzd.lw.mobile"}]},
                                 {http_request,'DELETE',
                                  {abs_path,
                                   "/lwork/mobile/voip/calls?session_id=&user_id=Anonymous"},
                                  {1,1}},
                                 undefined,"/lwork/mobile/voip/calls",
                                 "session_id=&user_id=Anonymous",
                                 "mobile/voip/calls","/home/dvlp/voip2","/",
                                 "/home/dvlp/voip2/lwork/mobile/voip/calls",
                                 undefined,undefined,<0.131.0>,[],"/","/",
                                 "/mobile/voip/calls"}
 Reason: {badarg,[{erlang,list_to_integer,[[]],[]},
                  {utility,query_integer,2,
                           [{file,"./util/utility.erl"},{line,86}]},
                  {lw_mobile,handle,3,
                             [{file,"./util/lw_mobile.erl"},{line,43}]},
                  {lw_mobile,out,1,[{file,"./util/lw_mobile.erl"},{line,18}]},
                  {yaws_server,deliver_dyn_part,8,
                               [{file,"yaws_server.erl"},{line,2647}]},
                  {yaws_server,aloop,4,[{file,"yaws_server.erl"},{line,1152}]},
                  {yaws_server,acceptor0,2,
                               [{file,"yaws_server.erl"},{line,1013}]},
                  {proc_lib,init_p_do_apply,3,
                            [{file,"proc_lib.erl"},{line,227}]}]}
{{2013,8,23},{16,27,33}}:  Arg: {arg,#Port<0.2427>,
                                 {{10,32,3,66},2966},
                                 {headers,"Keep-Alive",undefined,
                                  "10.61.59.21:7000",undefined,undefined,
                                  undefined,undefined,undefined,undefined,
                                  undefined,
                                  "Apache-HttpClient/UNAVAILABLE (java 1.4)",
                                  undefined,[],undefined,undefined,undefined,
                                  undefined,undefined,undefined,undefined,
                                  undefined,
                                  [{http_header,0,"Origin",undefined,
                                    "http://fzd.lw.mobile"}]},
                                 {http_request,'DELETE',
                                  {abs_path,
                                   "/lwork/mobile/voip/calls?session_id=&user_id=Anonymous"},
                                  {1,1}},
                                 undefined,"/lwork/mobile/voip/calls",
                                 "session_id=&user_id=Anonymous",
                                 "mobile/voip/calls","/home/dvlp/voip2","/",
                                 "/home/dvlp/voip2/lwork/mobile/voip/calls",
                                 undefined,undefined,<0.142.0>,[],"/","/",
                                 "/mobile/voip/calls"}
 Reason: {badarg,[{erlang,list_to_integer,[[]],[]},
                  {utility,query_integer,2,
                           [{file,"./util/utility.erl"},{line,86}]},
                  {lw_mobile,handle,3,
                             [{file,"./util/lw_mobile.erl"},{line,43}]},
                  {lw_mobile,out,1,[{file,"./util/lw_mobile.erl"},{line,18}]},
                  {yaws_server,deliver_dyn_part,8,
                               [{file,"yaws_server.erl"},{line,2647}]},
                  {yaws_server,aloop,4,[{file,"yaws_server.erl"},{line,1152}]},
                  {yaws_server,acceptor0,2,
                               [{file,"yaws_server.erl"},{line,1013}]},
                  {proc_lib,init_p_do_apply,3,
                            [{file,"proc_lib.erl"},{line,227}]}]}
